<?xml version="1.0" encoding="UTF-8"?>
<testng-results ignored="0" total="1" passed="1" failed="0" skipped="0">
  <reporter-output>
  </reporter-output>
  <suite started-at="2023-03-27T16:24:01 IST" name="Default suite" finished-at="2023-03-27T16:24:01 IST" duration-ms="98">
    <groups>
    </groups>
    <test started-at="2023-03-27T16:24:01 IST" name="Default test" finished-at="2023-03-27T16:24:01 IST" duration-ms="98">
      <class name="test_Cases.Demo_3">
        <test-method signature="sub()[pri:0, instance:test_Cases.Demo_3@29215f06]" started-at="2023-03-27T16:24:01 IST" name="sub" finished-at="2023-03-27T16:24:01 IST" duration-ms="19" status="PASS">
          <reporter-output>
          </reporter-output>
        </test-method> <!-- sub -->
      </class> <!-- test_Cases.Demo_3 -->
    </test> <!-- Default test -->
  </suite> <!-- Default suite -->
</testng-results>
