<?xml version="1.0" encoding="UTF-8"?>
<testng-results ignored="0" total="1" passed="1" failed="0" skipped="0">
  <reporter-output>
  </reporter-output>
  <suite started-at="2023-03-27T15:31:12 IST" name="Default suite" finished-at="2023-03-27T15:31:12 IST" duration-ms="70">
    <groups>
    </groups>
    <test started-at="2023-03-27T15:31:12 IST" name="Default test" finished-at="2023-03-27T15:31:12 IST" duration-ms="70">
      <class name="test_Cases.Demo_2">
        <test-method signature="add()[pri:0, instance:test_Cases.Demo_2@29215f06]" started-at="2023-03-27T15:31:12 IST" name="add" finished-at="2023-03-27T15:31:12 IST" duration-ms="13" status="PASS">
          <reporter-output>
          </reporter-output>
        </test-method> <!-- add -->
      </class> <!-- test_Cases.Demo_2 -->
    </test> <!-- Default test -->
  </suite> <!-- Default suite -->
</testng-results>
